[debug] [2022-11-16T00:37:15.032Z] ----------------------------------------------------------------------
[debug] [2022-11-16T00:37:15.033Z] Command:       /opt/homebrew/Cellar/node/18.0.0/bin/node /opt/homebrew/bin/firebase init hosting
[debug] [2022-11-16T00:37:15.033Z] CLI Version:   11.16.1
[debug] [2022-11-16T00:37:15.033Z] Platform:      darwin
[debug] [2022-11-16T00:37:15.034Z] Node Version:  v18.0.0
[debug] [2022-11-16T00:37:15.034Z] Time:          Tue Nov 15 2022 18:37:15 GMT-0600 (Central Standard Time)
[debug] [2022-11-16T00:37:15.034Z] ----------------------------------------------------------------------
[debug] 
[debug] [2022-11-16T00:37:15.037Z] > command requires scopes: ["email","openid","https://www.googleapis.com/auth/cloudplatformprojects.readonly","https://www.googleapis.com/auth/firebase","https://www.googleapis.com/auth/cloud-platform"]
[debug] [2022-11-16T00:37:15.037Z] > authorizing via signed-in user (a01339392@tec.mx)
[info] 
     ######## #### ########  ######## ########     ###     ######  ########
     ##        ##  ##     ## ##       ##     ##  ##   ##  ##       ##
     ######    ##  ########  ######   ########  #########  ######  ######
     ##        ##  ##    ##  ##       ##     ## ##     ##       ## ##
     ##       #### ##     ## ######## ########  ##     ##  ######  ########

You're about to initialize a Firebase project in this directory:

  /Users/mau/Documents/code/skiliket-front

[info] 
=== Project Setup
[info] 
[info] First, let's associate this project directory with a Firebase project.
[info] You can create multiple project aliases by running firebase use --add, 
[info] but for now we'll just set up a default project.
[info] 
[debug] [2022-11-16T00:37:22.001Z] >>> [apiv2][query] GET https://firebase.googleapis.com/v1beta1/projects pageSize=100
[debug] [2022-11-16T00:37:22.423Z] <<< [apiv2][status] GET https://firebase.googleapis.com/v1beta1/projects 200
[debug] [2022-11-16T00:37:22.423Z] <<< [apiv2][body] GET https://firebase.googleapis.com/v1beta1/projects [omitted]
[info] i  Using project skiliket-fire (skiliket-fire) 
[info] 
=== Hosting Setup
[debug] [2022-11-16T00:37:31.383Z] Error: Unable to determine format for workspace path.
    at Object.readWorkspace (/Users/mau/Documents/code/skiliket-front/node_modules/@angular-devkit/core/src/workspace/core.js:85:15)
    at async getContext (/opt/homebrew/lib/node_modules/firebase-tools/lib/frameworks/angular/index.js:144:27)
    at async discover (/opt/homebrew/lib/node_modules/firebase-tools/lib/frameworks/angular/index.js:20:30)
    at async discover (/opt/homebrew/lib/node_modules/firebase-tools/lib/frameworks/index.js:77:32)
    at async doSetup (/opt/homebrew/lib/node_modules/firebase-tools/lib/init/features/hosting/index.js:54:31)
    at async init (/opt/homebrew/lib/node_modules/firebase-tools/lib/init/index.js:36:9)
[error] 
[error] Error: An unexpected error has occurred.
